2021-11-03 09:01:02,368 INFO [background-preinit] o.h.v.i.util.Version - HV000001: Hibernate Validator 6.1.6.Final
2021-11-03 09:01:02,378 INFO [restartedMain] com.boyi.Application - Starting Application using Java 1.8.0_261 on LAPTOP-IC87OKMO with PID 14488 (D:\鞋业\互联网相关\ERP\boyiERPServer\target\classes started by Ake in D:\鞋业\互联网相关\ERP\boyiERPServer)
2021-11-03 09:01:02,378 INFO [restartedMain] com.boyi.Application - No active profile set, falling back to default profiles: default
2021-11-03 09:01:02,428 INFO [restartedMain] o.s.b.d.e.DevToolsPropertyDefaultsPostProcessor - Devtools property defaults active! Set 'spring.devtools.add-properties' to 'false' to disable
2021-11-03 09:01:02,428 INFO [restartedMain] o.s.b.d.e.DevToolsPropertyDefaultsPostProcessor - For additional web related logging consider setting the 'logging.level.web' property to 'DEBUG'
2021-11-03 09:01:03,398 INFO [restartedMain] o.s.d.r.c.RepositoryConfigurationDelegate - Multiple Spring Data modules found, entering strict repository configuration mode!
2021-11-03 09:01:03,398 INFO [restartedMain] o.s.d.r.c.RepositoryConfigurationDelegate - Bootstrapping Spring Data Redis repositories in DEFAULT mode.
2021-11-03 09:01:03,458 INFO [restartedMain] o.s.d.r.c.RepositoryConfigurationDelegate - Finished Spring Data repository scanning in 45 ms. Found 0 Redis repository interfaces.
2021-11-03 09:01:03,888 INFO [restartedMain] o.s.c.s.PostProcessorRegistrationDelegate$BeanPostProcessorChecker - Bean 'org.springframework.security.access.expression.method.DefaultMethodSecurityExpressionHandler@2dee59e4' of type [org.springframework.security.access.expression.method.DefaultMethodSecurityExpressionHandler] is not eligible for getting processed by all BeanPostProcessors (for example: not eligible for auto-proxying)
2021-11-03 09:01:03,898 INFO [restartedMain] o.s.c.s.PostProcessorRegistrationDelegate$BeanPostProcessorChecker - Bean 'methodSecurityMetadataSource' of type [org.springframework.security.access.method.DelegatingMethodSecurityMetadataSource] is not eligible for getting processed by all BeanPostProcessors (for example: not eligible for auto-proxying)
2021-11-03 09:01:04,328 INFO [restartedMain] o.s.b.w.e.t.TomcatWebServer - Tomcat initialized with port(s): 8081 (http)
2021-11-03 09:01:04,338 INFO [restartedMain] o.a.c.h.Http11NioProtocol - Initializing ProtocolHandler ["http-nio-8081"]
2021-11-03 09:01:04,338 INFO [restartedMain] o.a.c.c.StandardService - Starting service [Tomcat]
2021-11-03 09:01:04,338 INFO [restartedMain] o.a.c.c.StandardEngine - Starting Servlet engine: [Apache Tomcat/9.0.39]
2021-11-03 09:01:04,428 INFO [restartedMain] o.a.c.c.C.[.[.[/]    - Initializing Spring embedded WebApplicationContext
2021-11-03 09:01:04,428 INFO [restartedMain] o.s.b.w.s.c.ServletWebServerApplicationContext - Root WebApplicationContext: initialization completed in 1990 ms
2021-11-03 09:01:05,488 WARN [restartedMain] c.b.m.c.m.TableInfoHelper - Can not find table primary key in Class: "com.boyi.entity.RepositoryStockHistory".
2021-11-03 09:01:05,508 WARN [restartedMain] c.b.m.c.m.TableInfoHelper - Can not find table primary key in Class: "com.boyi.entity.RepositoryStock".
2021-11-03 09:01:05,568 ERROR [restartedMain] c.b.m.c.MybatisConfiguration - mapper[com.boyi.mapper.SysUserMapper.listByMenuId] is ignored, because it exists, maybe from xml file
2021-11-03 09:01:08,752 WARN [restartedMain] c.b.m.c.m.TableInfoHelper - Can not find table primary key in Class: "com.boyi.entity.RepositoryInOutDetail".
2021-11-03 09:01:08,905 INFO [restartedMain] o.s.s.w.DefaultSecurityFilterChain - Will secure any request with [org.springframework.security.web.context.request.async.WebAsyncManagerIntegrationFilter@5dbefbae, org.springframework.security.web.context.SecurityContextPersistenceFilter@4932fce4, org.springframework.security.web.header.HeaderWriterFilter@33e08fbf, org.springframework.web.filter.CorsFilter@466498fb, org.springframework.security.web.authentication.logout.LogoutFilter@6ffc207b, com.boyi.security.CaptchaFilter@6868bd56, org.springframework.security.web.authentication.UsernamePasswordAuthenticationFilter@1014be42, com.boyi.security.JwtAuthenticationFilter@73cd383d, org.springframework.security.web.savedrequest.RequestCacheAwareFilter@2fbbe8ae, org.springframework.security.web.servletapi.SecurityContextHolderAwareRequestFilter@7f46650e, org.springframework.security.web.authentication.AnonymousAuthenticationFilter@40cff3b1, org.springframework.security.web.session.SessionManagementFilter@2c7aed0f, org.springframework.security.web.access.ExceptionTranslationFilter@4c2ad3ff, org.springframework.security.web.access.intercept.FilterSecurityInterceptor@39dd4a8a]
2021-11-03 09:01:09,083 INFO [restartedMain] o.s.s.c.ThreadPoolTaskExecutor - Initializing ExecutorService 'applicationTaskExecutor'
2021-11-03 09:01:09,516 INFO [restartedMain] o.s.s.c.ThreadPoolTaskScheduler - Initializing ExecutorService 'taskScheduler'
2021-11-03 09:01:09,594 INFO [restartedMain] o.s.b.d.a.OptionalLiveReloadServer - LiveReload server is running on port 35729
2021-11-03 09:01:09,628 INFO [restartedMain] o.a.c.h.Http11NioProtocol - Starting ProtocolHandler ["http-nio-8081"]
2021-11-03 09:01:09,643 INFO [restartedMain] o.s.b.w.e.t.TomcatWebServer - Tomcat started on port(s): 8081 (http) with context path ''
2021-11-03 09:01:09,656 INFO [restartedMain] com.boyi.Application - Started Application in 7.701 seconds (JVM running for 10.042)
2021-11-03 09:01:13,816 INFO [http-nio-8081-exec-1] o.a.c.c.C.[.[.[/]    - Initializing Spring DispatcherServlet 'dispatcherServlet'
2021-11-03 09:01:13,817 INFO [http-nio-8081-exec-1] o.s.w.s.DispatcherServlet - Initializing Servlet 'dispatcherServlet'
2021-11-03 09:01:13,819 INFO [http-nio-8081-exec-1] o.s.w.s.DispatcherServlet - Completed initialization in 2 ms
2021-11-03 09:01:14,003 INFO [http-nio-8081-exec-1] c.b.s.JwtAuthenticationFilter - jwt 校验 filter
2021-11-03 09:01:14,016 INFO [http-nio-8081-exec-1] c.b.s.JwtAuthenticationEntryPoint - 认证失败！未登录！
2021-11-03 09:01:18,871 INFO [http-nio-8081-exec-3] c.z.h.HikariDataSource - HikariPool-1 - Starting...
2021-11-03 09:01:19,020 INFO [http-nio-8081-exec-3] c.z.h.HikariDataSource - HikariPool-1 - Start completed.
2021-11-03 09:01:19,041 INFO [http-nio-8081-exec-3] c.b.s.UserDetailsServiceImpl - 获取用户:SysUser(status=0, userName=admin, password=$2a$10$sje35kuoeraaXd4yAGs5Muccoidtfc/IHRTgm8vn1gGoCiUCkpyxG, avatar=https://image-1300566513.cos.ap-guangzhou.myqcloud.com/upload/images/5a9f48118166308daba8b6da7e466aab.jpg, email=123@qq.com, lastLogin=2020-12-30T08:38:37, mobile=15, sysRoles=[]),的信息
2021-11-03 09:01:19,137 INFO [http-nio-8081-exec-3] c.b.s.LoginSuccessHandler - loginSuccessHandler....
2021-11-03 09:01:20,003 INFO [http-nio-8081-exec-3] c.b.s.LoginSuccessHandler - 根据name:admin,生成jwt:eyJ0eXAiOiJKV1QiLCJhbGciOiJIUzUxMiJ9.eyJzdWIiOiJhZG1pbiIsImlhdCI6MTYzNTkwMTI3OSwiZXhwIjoxNjM2NTA2MDc5fQ.I3J2isst7bG1R4PKQmAvuYKQu9n-_YLURQ58HXf_fVWuiY8fb9FlXSmpbQDWFA_U4HCrJA_qunFDyh_orAFSqw，用户登陆成功
2021-11-03 09:01:20,003 INFO [http-nio-8081-exec-5] c.b.s.JwtAuthenticationFilter - jwt 校验 filter
2021-11-03 09:01:20,033 INFO [http-nio-8081-exec-5] c.b.s.JwtAuthenticationFilter - 用户-admin，发起请求！
2021-11-03 09:01:20,073 INFO [http-nio-8081-exec-5] com.boyi.aop.CastAop - 【AOP 日志】请求用户:admin,请求url:http://192.168.8.16:8081/sys/menu/navList,请求方式:GET,来源ip:192.168.8.16,执行class方法:com.boyi.controller.SysMenuController.nav ,耗时:20ms
2021-11-03 09:01:20,191 INFO [http-nio-8081-exec-8] c.b.s.JwtAuthenticationFilter - jwt 校验 filter
2021-11-03 09:01:20,191 INFO [http-nio-8081-exec-9] c.b.s.JwtAuthenticationFilter - jwt 校验 filter
2021-11-03 09:01:20,192 INFO [http-nio-8081-exec-8] c.b.s.JwtAuthenticationFilter - 用户-admin，发起请求！
2021-11-03 09:01:20,192 INFO [http-nio-8081-exec-9] c.b.s.JwtAuthenticationFilter - 用户-admin，发起请求！
2021-11-03 09:01:20,202 INFO [http-nio-8081-exec-8] com.boyi.aop.CastAop - 【AOP 日志】请求用户:admin,请求url:http://192.168.8.16:8081/sys/user/getUserInfo,请求方式:GET,来源ip:192.168.8.16,执行class方法:com.boyi.controller.SysUserController.getUserInfo ,耗时:6ms
2021-11-03 09:01:20,219 INFO [http-nio-8081-exec-9] com.boyi.aop.CastAop - 【AOP 日志】请求用户:admin,请求url:http://192.168.8.16:8081/analysis/requestCast,请求方式:GET,来源ip:192.168.8.16,执行class方法:com.boyi.controller.AnalysisController.onlineNum ,耗时:23ms
2021-11-03 09:01:22,529 INFO [http-nio-8081-exec-4] c.b.s.JwtAuthenticationFilter - jwt 校验 filter
2021-11-03 09:01:22,529 INFO [http-nio-8081-exec-5] c.b.s.JwtAuthenticationFilter - jwt 校验 filter
2021-11-03 09:01:22,529 INFO [http-nio-8081-exec-6] c.b.s.JwtAuthenticationFilter - jwt 校验 filter
2021-11-03 09:01:22,529 INFO [http-nio-8081-exec-7] c.b.s.JwtAuthenticationFilter - jwt 校验 filter
2021-11-03 09:01:22,530 INFO [http-nio-8081-exec-4] c.b.s.JwtAuthenticationFilter - 用户-admin，发起请求！
2021-11-03 09:01:22,530 INFO [http-nio-8081-exec-7] c.b.s.JwtAuthenticationFilter - 用户-admin，发起请求！
2021-11-03 09:01:22,530 INFO [http-nio-8081-exec-6] c.b.s.JwtAuthenticationFilter - 用户-admin，发起请求！
2021-11-03 09:01:22,530 INFO [http-nio-8081-exec-5] c.b.s.JwtAuthenticationFilter - 用户-admin，发起请求！
2021-11-03 09:01:22,561 INFO [http-nio-8081-exec-6] c.b.c.RepositoryBuyinDocumentController - 搜索字段:supplierName,对应ID:[]
2021-11-03 09:01:22,562 INFO [http-nio-8081-exec-4] com.boyi.aop.CastAop - 【AOP 日志】请求用户:admin,请求url:http://192.168.8.16:8081/baseData/supplier/getSearchAllData,请求方式:POST,来源ip:192.168.8.16,执行class方法:com.boyi.controller.BaseSupplierController.getSearchAllData ,耗时:22ms
2021-11-03 09:01:22,609 INFO [http-nio-8081-exec-5] com.boyi.aop.CastAop - 【AOP 日志】请求用户:admin,请求url:http://192.168.8.16:8081/baseData/material/getSearchAllData,请求方式:POST,来源ip:192.168.8.16,执行class方法:com.boyi.controller.BaseMaterialController.getSearchAllData ,耗时:69ms
2021-11-03 09:01:22,611 INFO [http-nio-8081-exec-7] com.boyi.aop.CastAop - 【AOP 日志】请求用户:admin,请求url:http://192.168.8.16:8081/baseData/material/loadTableSearchMaterialDetailAll,请求方式:POST,来源ip:192.168.8.16,执行class方法:com.boyi.controller.BaseMaterialController.loadTableSearchMaterialDetailAll ,耗时:71ms
2021-11-03 09:01:22,647 INFO [http-nio-8081-exec-6] com.boyi.aop.CastAop - 【AOP 日志】请求用户:admin,请求url:http://192.168.8.16:8081/repository/buyIn/list,请求方式:GET,来源ip:192.168.8.16,执行class方法:com.boyi.controller.RepositoryBuyinDocumentController.list ,耗时:88ms
2021-11-03 09:01:25,123 INFO [http-nio-8081-exec-9] c.b.s.JwtAuthenticationFilter - jwt 校验 filter
2021-11-03 09:01:25,123 INFO [http-nio-8081-exec-9] c.b.s.JwtAuthenticationFilter - 用户-admin，发起请求！
2021-11-03 09:01:25,123 INFO [http-nio-8081-exec-9] c.b.c.HeartController - 【心跳】:key:admin_eyJ0eXAiOiJKV1QiLCJhbGciOiJIUzUxMiJ9.eyJzdWIiOiJhZG1pbiIsImlhdCI6MTYzNTkwMTI3OSwiZXhwIjoxNjM2NTA2MDc5fQ.I3J2isst7bG1R4PKQmAvuYKQu9n-_YLURQ58HXf_fVWuiY8fb9FlXSmpbQDWFA_U4HCrJA_qunFDyh_orAFSqw,now time:Wed Nov 03 09:01:25 CST 2021
2021-11-03 09:01:25,145 INFO [http-nio-8081-exec-1] c.b.s.JwtAuthenticationFilter - jwt 校验 filter
2021-11-03 09:01:25,145 INFO [http-nio-8081-exec-1] c.b.s.JwtAuthenticationFilter - 用户-admin，发起请求！
2021-11-03 09:01:25,154 INFO [http-nio-8081-exec-1] com.boyi.aop.CastAop - 【AOP 日志】请求用户:admin,请求url:http://192.168.8.16:8081/baseData/supplier/getSearchAllData,请求方式:POST,来源ip:192.168.8.16,执行class方法:com.boyi.controller.BaseSupplierController.getSearchAllData ,耗时:4ms
2021-11-03 09:01:30,122 INFO [http-nio-8081-exec-10] c.b.s.JwtAuthenticationFilter - jwt 校验 filter
2021-11-03 09:01:30,122 INFO [http-nio-8081-exec-10] c.b.s.JwtAuthenticationFilter - 用户-admin，发起请求！
2021-11-03 09:01:30,122 INFO [http-nio-8081-exec-10] c.b.c.HeartController - 【心跳】:key:admin_eyJ0eXAiOiJKV1QiLCJhbGciOiJIUzUxMiJ9.eyJzdWIiOiJhZG1pbiIsImlhdCI6MTYzNTkwMTI3OSwiZXhwIjoxNjM2NTA2MDc5fQ.I3J2isst7bG1R4PKQmAvuYKQu9n-_YLURQ58HXf_fVWuiY8fb9FlXSmpbQDWFA_U4HCrJA_qunFDyh_orAFSqw,now time:Wed Nov 03 09:01:30 CST 2021
2021-11-03 09:01:35,122 INFO [http-nio-8081-exec-3] c.b.s.JwtAuthenticationFilter - jwt 校验 filter
2021-11-03 09:01:35,122 INFO [http-nio-8081-exec-3] c.b.s.JwtAuthenticationFilter - 用户-admin，发起请求！
2021-11-03 09:01:35,122 INFO [http-nio-8081-exec-3] c.b.c.HeartController - 【心跳】:key:admin_eyJ0eXAiOiJKV1QiLCJhbGciOiJIUzUxMiJ9.eyJzdWIiOiJhZG1pbiIsImlhdCI6MTYzNTkwMTI3OSwiZXhwIjoxNjM2NTA2MDc5fQ.I3J2isst7bG1R4PKQmAvuYKQu9n-_YLURQ58HXf_fVWuiY8fb9FlXSmpbQDWFA_U4HCrJA_qunFDyh_orAFSqw,now time:Wed Nov 03 09:01:35 CST 2021
2021-11-03 09:01:40,122 INFO [http-nio-8081-exec-4] c.b.s.JwtAuthenticationFilter - jwt 校验 filter
2021-11-03 09:01:40,122 INFO [http-nio-8081-exec-4] c.b.s.JwtAuthenticationFilter - 用户-admin，发起请求！
2021-11-03 09:01:40,122 INFO [http-nio-8081-exec-4] c.b.c.HeartController - 【心跳】:key:admin_eyJ0eXAiOiJKV1QiLCJhbGciOiJIUzUxMiJ9.eyJzdWIiOiJhZG1pbiIsImlhdCI6MTYzNTkwMTI3OSwiZXhwIjoxNjM2NTA2MDc5fQ.I3J2isst7bG1R4PKQmAvuYKQu9n-_YLURQ58HXf_fVWuiY8fb9FlXSmpbQDWFA_U4HCrJA_qunFDyh_orAFSqw,now time:Wed Nov 03 09:01:40 CST 2021
2021-11-03 09:01:45,120 INFO [http-nio-8081-exec-7] c.b.s.JwtAuthenticationFilter - jwt 校验 filter
2021-11-03 09:01:45,120 INFO [http-nio-8081-exec-7] c.b.s.JwtAuthenticationFilter - 用户-admin，发起请求！
2021-11-03 09:01:45,120 INFO [http-nio-8081-exec-7] c.b.c.HeartController - 【心跳】:key:admin_eyJ0eXAiOiJKV1QiLCJhbGciOiJIUzUxMiJ9.eyJzdWIiOiJhZG1pbiIsImlhdCI6MTYzNTkwMTI3OSwiZXhwIjoxNjM2NTA2MDc5fQ.I3J2isst7bG1R4PKQmAvuYKQu9n-_YLURQ58HXf_fVWuiY8fb9FlXSmpbQDWFA_U4HCrJA_qunFDyh_orAFSqw,now time:Wed Nov 03 09:01:45 CST 2021
2021-11-03 09:01:50,123 INFO [http-nio-8081-exec-8] c.b.s.JwtAuthenticationFilter - jwt 校验 filter
2021-11-03 09:01:50,123 INFO [http-nio-8081-exec-8] c.b.s.JwtAuthenticationFilter - 用户-admin，发起请求！
2021-11-03 09:01:50,123 INFO [http-nio-8081-exec-8] c.b.c.HeartController - 【心跳】:key:admin_eyJ0eXAiOiJKV1QiLCJhbGciOiJIUzUxMiJ9.eyJzdWIiOiJhZG1pbiIsImlhdCI6MTYzNTkwMTI3OSwiZXhwIjoxNjM2NTA2MDc5fQ.I3J2isst7bG1R4PKQmAvuYKQu9n-_YLURQ58HXf_fVWuiY8fb9FlXSmpbQDWFA_U4HCrJA_qunFDyh_orAFSqw,now time:Wed Nov 03 09:01:50 CST 2021
2021-11-03 09:01:51,067 INFO [http-nio-8081-exec-1] c.b.s.JwtAuthenticationFilter - jwt 校验 filter
2021-11-03 09:01:51,068 INFO [http-nio-8081-exec-1] c.b.s.JwtAuthenticationFilter - 用户-admin，发起请求！
2021-11-03 09:01:51,111 INFO [http-nio-8081-exec-1] com.boyi.aop.CastAop - 【AOP 日志】请求用户:admin,请求url:http://192.168.8.16:8081/baseData/material/loadTableSearchMaterialDetailAll,请求方式:POST,来源ip:192.168.8.16,执行class方法:com.boyi.controller.BaseMaterialController.loadTableSearchMaterialDetailAll ,耗时:38ms
2021-11-03 09:01:55,118 INFO [http-nio-8081-exec-10] c.b.s.JwtAuthenticationFilter - jwt 校验 filter
2021-11-03 09:01:55,118 INFO [http-nio-8081-exec-10] c.b.s.JwtAuthenticationFilter - 用户-admin，发起请求！
2021-11-03 09:01:55,118 INFO [http-nio-8081-exec-10] c.b.c.HeartController - 【心跳】:key:admin_eyJ0eXAiOiJKV1QiLCJhbGciOiJIUzUxMiJ9.eyJzdWIiOiJhZG1pbiIsImlhdCI6MTYzNTkwMTI3OSwiZXhwIjoxNjM2NTA2MDc5fQ.I3J2isst7bG1R4PKQmAvuYKQu9n-_YLURQ58HXf_fVWuiY8fb9FlXSmpbQDWFA_U4HCrJA_qunFDyh_orAFSqw,now time:Wed Nov 03 09:01:55 CST 2021
2021-11-03 09:02:00,126 INFO [http-nio-8081-exec-3] c.b.s.JwtAuthenticationFilter - jwt 校验 filter
2021-11-03 09:02:00,126 INFO [scheduling-1] c.b.c.SaticScheduleTask - 成功复制日期:2021-11-02的及时库存，条数:393 到历史表.复制耗时:110ms
2021-11-03 09:02:00,126 INFO [http-nio-8081-exec-3] c.b.s.JwtAuthenticationFilter - 用户-admin，发起请求！
2021-11-03 09:02:00,126 INFO [http-nio-8081-exec-3] c.b.c.HeartController - 【心跳】:key:admin_eyJ0eXAiOiJKV1QiLCJhbGciOiJIUzUxMiJ9.eyJzdWIiOiJhZG1pbiIsImlhdCI6MTYzNTkwMTI3OSwiZXhwIjoxNjM2NTA2MDc5fQ.I3J2isst7bG1R4PKQmAvuYKQu9n-_YLURQ58HXf_fVWuiY8fb9FlXSmpbQDWFA_U4HCrJA_qunFDyh_orAFSqw,now time:Wed Nov 03 09:02:00 CST 2021
2021-11-03 09:02:00,136 INFO [scheduling-1] c.b.c.SaticScheduleTask - 【定时任务】dbName[repository_pick_material] ,todayStr [211103],dbDayStr[211102]不相等,修改成[2111030001]
2021-11-03 09:02:00,136 INFO [scheduling-1] c.b.c.SaticScheduleTask - 【定时任务】dbName[repository_return_material] ,todayStr [211103],dbDayStr[211102]不相等,修改成[2111030001]
2021-11-03 09:02:00,146 INFO [scheduling-1] c.b.c.SaticScheduleTask - 【定时任务】dbName[repository_buyout_document] ,todayStr [211103],dbDayStr[211102]不相等,修改成[2111030001]
2021-11-03 09:02:00,156 INFO [scheduling-1] c.b.c.SaticScheduleTask - 【定时任务】dbName[repository_buyin_document] ,todayStr [211103],dbDayStr[211102]不相等,修改成[2111030001]
2021-11-03 09:02:00,156 INFO [scheduling-1] c.b.c.SaticScheduleTask - 【定时任务】dbName[order_buyorder_document] ,todayStr [211103],dbDayStr[211102]不相等,修改成[2111030001]
2021-11-03 09:02:05,126 INFO [http-nio-8081-exec-4] c.b.s.JwtAuthenticationFilter - jwt 校验 filter
2021-11-03 09:02:05,126 INFO [http-nio-8081-exec-4] c.b.s.JwtAuthenticationFilter - 用户-admin，发起请求！
2021-11-03 09:02:05,126 INFO [http-nio-8081-exec-4] c.b.c.HeartController - 【心跳】:key:admin_eyJ0eXAiOiJKV1QiLCJhbGciOiJIUzUxMiJ9.eyJzdWIiOiJhZG1pbiIsImlhdCI6MTYzNTkwMTI3OSwiZXhwIjoxNjM2NTA2MDc5fQ.I3J2isst7bG1R4PKQmAvuYKQu9n-_YLURQ58HXf_fVWuiY8fb9FlXSmpbQDWFA_U4HCrJA_qunFDyh_orAFSqw,now time:Wed Nov 03 09:02:05 CST 2021
2021-11-03 09:02:10,116 INFO [http-nio-8081-exec-7] c.b.s.JwtAuthenticationFilter - jwt 校验 filter
2021-11-03 09:02:10,116 INFO [http-nio-8081-exec-7] c.b.s.JwtAuthenticationFilter - 用户-admin，发起请求！
2021-11-03 09:02:10,116 INFO [http-nio-8081-exec-7] c.b.c.HeartController - 【心跳】:key:admin_eyJ0eXAiOiJKV1QiLCJhbGciOiJIUzUxMiJ9.eyJzdWIiOiJhZG1pbiIsImlhdCI6MTYzNTkwMTI3OSwiZXhwIjoxNjM2NTA2MDc5fQ.I3J2isst7bG1R4PKQmAvuYKQu9n-_YLURQ58HXf_fVWuiY8fb9FlXSmpbQDWFA_U4HCrJA_qunFDyh_orAFSqw,now time:Wed Nov 03 09:02:10 CST 2021
