2021-12-02 11:08:31,024 WARN [restartedMain] c.b.m.c.m.TableInfoHelper - Can not find table primary key in Class: "com.boyi.entity.RepositoryStockHistory".
2021-12-02 11:08:31,048 WARN [restartedMain] c.b.m.c.m.TableInfoHelper - Can not find table primary key in Class: "com.boyi.entity.RepositoryStock".
2021-12-02 11:08:31,129 WARN [restartedMain] c.b.m.c.m.TableInfoHelper - Can not find table primary key in Class: "com.boyi.entity.Tag".
2021-12-02 11:08:33,844 WARN [restartedMain] c.b.m.c.m.TableInfoHelper - Can not find table primary key in Class: "com.boyi.entity.RepositoryInOutDetail".
2021-12-02 11:23:03,499 WARN [restartedMain] c.b.m.c.m.TableInfoHelper - Can not find table primary key in Class: "com.boyi.entity.RepositoryStockHistory".
2021-12-02 11:23:03,512 WARN [restartedMain] c.b.m.c.m.TableInfoHelper - Can not find table primary key in Class: "com.boyi.entity.RepositoryStock".
2021-12-02 11:23:03,599 WARN [restartedMain] c.b.m.c.m.TableInfoHelper - Can not find table primary key in Class: "com.boyi.entity.Tag".
2021-12-02 11:23:06,473 WARN [restartedMain] c.b.m.c.m.TableInfoHelper - Can not find table primary key in Class: "com.boyi.entity.RepositoryInOutDetail".
2021-12-02 11:28:12,230 WARN [restartedMain] c.b.m.c.m.TableInfoHelper - Can not find table primary key in Class: "com.boyi.entity.RepositoryStockHistory".
2021-12-02 11:28:12,243 WARN [restartedMain] c.b.m.c.m.TableInfoHelper - Can not find table primary key in Class: "com.boyi.entity.RepositoryStock".
2021-12-02 11:28:12,330 WARN [restartedMain] c.b.m.c.m.TableInfoHelper - Can not find table primary key in Class: "com.boyi.entity.Tag".
2021-12-02 11:28:15,206 WARN [restartedMain] c.b.m.c.m.TableInfoHelper - Can not find table primary key in Class: "com.boyi.entity.RepositoryInOutDetail".
2021-12-02 18:58:51,561 WARN [restartedMain] c.b.m.c.m.TableInfoHelper - Can not find table primary key in Class: "com.boyi.entity.RepositoryStockHistory".
2021-12-02 18:58:51,571 WARN [restartedMain] c.b.m.c.m.TableInfoHelper - Can not find table primary key in Class: "com.boyi.entity.RepositoryStock".
2021-12-02 18:58:51,663 WARN [restartedMain] c.b.m.c.m.TableInfoHelper - Can not find table primary key in Class: "com.boyi.entity.Tag".
2021-12-02 18:58:54,723 WARN [restartedMain] c.b.m.c.m.TableInfoHelper - Can not find table primary key in Class: "com.boyi.entity.RepositoryInOutDetail".
2021-12-02 19:09:10,772 WARN [restartedMain] c.b.m.c.m.TableInfoHelper - Can not find table primary key in Class: "com.boyi.entity.RepositoryStockHistory".
2021-12-02 19:09:10,785 WARN [restartedMain] c.b.m.c.m.TableInfoHelper - Can not find table primary key in Class: "com.boyi.entity.RepositoryStock".
2021-12-02 19:09:10,870 WARN [restartedMain] c.b.m.c.m.TableInfoHelper - Can not find table primary key in Class: "com.boyi.entity.Tag".
2021-12-02 19:09:13,712 WARN [restartedMain] c.b.m.c.m.TableInfoHelper - Can not find table primary key in Class: "com.boyi.entity.RepositoryInOutDetail".
2021-12-02 19:11:03,261 WARN [restartedMain] c.b.m.c.m.TableInfoHelper - Can not find table primary key in Class: "com.boyi.entity.RepositoryStockHistory".
2021-12-02 19:11:03,274 WARN [restartedMain] c.b.m.c.m.TableInfoHelper - Can not find table primary key in Class: "com.boyi.entity.RepositoryStock".
2021-12-02 19:11:03,358 WARN [restartedMain] c.b.m.c.m.TableInfoHelper - Can not find table primary key in Class: "com.boyi.entity.Tag".
2021-12-02 19:11:06,177 WARN [restartedMain] c.b.m.c.m.TableInfoHelper - Can not find table primary key in Class: "com.boyi.entity.RepositoryInOutDetail".
2021-12-02 19:24:25,711 WARN [restartedMain] o.m.s.m.ClassPathMapperScanner - No MyBatis mapper was found in '[com.boyi]' package. Please check your configuration.
2021-12-02 19:24:26,059 WARN [restartedMain] o.s.b.w.s.c.AnnotationConfigServletWebServerApplicationContext - Exception encountered during context initialization - cancelling refresh attempt: org.springframework.beans.factory.BeanCreationException: Error creating bean with name 'sqlSessionFactory' defined in class path resource [com/baomidou/mybatisplus/autoconfigure/MybatisPlusAutoConfiguration.class]: Bean instantiation via factory method failed; nested exception is org.springframework.beans.BeanInstantiationException: Failed to instantiate [org.apache.ibatis.session.SqlSessionFactory]: Factory method 'sqlSessionFactory' threw exception; nested exception is org.springframework.core.NestedIOException: Failed to parse mapping resource: 'file [D:\鞋业\互联网相关\ERP\boyiERPServer\target\classes\mapper\SysUserMapper.xml]'; nested exception is org.apache.ibatis.builder.BuilderException: Error parsing Mapper XML. The XML location is 'file [D:\鞋业\互联网相关\ERP\boyiERPServer\target\classes\mapper\SysUserMapper.xml]'. Cause: org.apache.ibatis.builder.BuilderException: Error resolving class. Cause: org.apache.ibatis.type.TypeException: Could not resolve type alias 'com.boyi.entity.SysUser'.  Cause: java.lang.ClassNotFoundException: Cannot find class: com.boyi.entity.SysUser
2021-12-02 19:24:33,352 WARN [restartedMain] c.b.m.c.m.TableInfoHelper - Can not find table primary key in Class: "com.boyi.entity.RepositoryStockHistory".
2021-12-02 19:24:33,368 WARN [restartedMain] c.b.m.c.m.TableInfoHelper - Can not find table primary key in Class: "com.boyi.entity.RepositoryStock".
2021-12-02 19:24:33,472 WARN [restartedMain] c.b.m.c.m.TableInfoHelper - Can not find table primary key in Class: "com.boyi.entity.Tag".
2021-12-02 19:24:36,567 WARN [restartedMain] c.b.m.c.m.TableInfoHelper - Can not find table primary key in Class: "com.boyi.entity.RepositoryInOutDetail".
